[1.314s] Invoking command in '/home/konstantin/ros2-path-planner/path_planner': PYTHONPATH=/home/konstantin/ros2-path-planner/build/path_planner/prefix_override:/usr/lib/python3/dist-packages/colcon_core/task/python/colcon_distutils_commands:/home/konstantin/ros2-path-planner/install/path_planner/lib/python3.10/site-packages:${PYTHONPATH} /usr/bin/python3 -W ignore:setup.py install is deprecated -W ignore:easy_install command is deprecated setup.py egg_info --egg-base ../build/path_planner build --build-base /home/konstantin/ros2-path-planner/build/path_planner/build install --record /home/konstantin/ros2-path-planner/build/path_planner/install.log --single-version-externally-managed install_data
[1.805s] running egg_info
[1.808s] writing ../build/path_planner/path_planner.egg-info/PKG-INFO
[1.809s] writing dependency_links to ../build/path_planner/path_planner.egg-info/dependency_links.txt
[1.810s] writing entry points to ../build/path_planner/path_planner.egg-info/entry_points.txt
[1.810s] writing requirements to ../build/path_planner/path_planner.egg-info/requires.txt
[1.811s] writing top-level names to ../build/path_planner/path_planner.egg-info/top_level.txt
[1.814s] reading manifest file '../build/path_planner/path_planner.egg-info/SOURCES.txt'
[1.815s] adding license file 'LICENSE'
[1.816s] writing manifest file '../build/path_planner/path_planner.egg-info/SOURCES.txt'
[1.816s] running build
[1.817s] running build_py
[1.817s] copying path_planner/executor.py -> /home/konstantin/ros2-path-planner/build/path_planner/build/lib/path_planner
[1.818s] running install
[1.819s] running install_lib
[1.820s] copying /home/konstantin/ros2-path-planner/build/path_planner/build/lib/path_planner/executor.py -> /home/konstantin/ros2-path-planner/install/path_planner/lib/python3.10/site-packages/path_planner
[1.821s] byte-compiling /home/konstantin/ros2-path-planner/install/path_planner/lib/python3.10/site-packages/path_planner/executor.py to executor.cpython-310.pyc
[1.827s] running install_data
[1.827s] running install_egg_info
[1.831s] removing '/home/konstantin/ros2-path-planner/install/path_planner/lib/python3.10/site-packages/path_planner-0.0.0-py3.10.egg-info' (and everything under it)
[1.832s] Copying ../build/path_planner/path_planner.egg-info to /home/konstantin/ros2-path-planner/install/path_planner/lib/python3.10/site-packages/path_planner-0.0.0-py3.10.egg-info
[1.834s] running install_scripts
[1.874s] Installing executor script to /home/konstantin/ros2-path-planner/install/path_planner/lib/path_planner
[1.875s] writing list of installed files to '/home/konstantin/ros2-path-planner/build/path_planner/install.log'
[1.927s] Invoked command in '/home/konstantin/ros2-path-planner/path_planner' returned '0': PYTHONPATH=/home/konstantin/ros2-path-planner/build/path_planner/prefix_override:/usr/lib/python3/dist-packages/colcon_core/task/python/colcon_distutils_commands:/home/konstantin/ros2-path-planner/install/path_planner/lib/python3.10/site-packages:${PYTHONPATH} /usr/bin/python3 -W ignore:setup.py install is deprecated -W ignore:easy_install command is deprecated setup.py egg_info --egg-base ../build/path_planner build --build-base /home/konstantin/ros2-path-planner/build/path_planner/build install --record /home/konstantin/ros2-path-planner/build/path_planner/install.log --single-version-externally-managed install_data
