[1.977s] DEBUG:colcon:Command line arguments: ['/usr/bin/colcon', 'build', '--packages-select', 'path_planner']
[1.978s] DEBUG:colcon:Parsed command line arguments: Namespace(log_base=None, log_level=None, verb_name='build', build_base='build', install_base='install', merge_install=False, symlink_install=False, test_result_base=None, continue_on_error=False, executor='parallel', parallel_workers=2, event_handlers=None, ignore_user_meta=False, metas=['./colcon.meta'], base_paths=['.'], packages_ignore=None, packages_ignore_regex=None, paths=None, packages_up_to=None, packages_up_to_regex=None, packages_above=None, packages_above_and_dependencies=None, packages_above_depth=None, packages_select_by_dep=None, packages_skip_by_dep=None, packages_skip_up_to=None, packages_select_build_failed=False, packages_skip_build_finished=False, packages_select_test_failures=False, packages_skip_test_passed=False, packages_select=['path_planner'], packages_skip=None, packages_select_regex=None, packages_skip_regex=None, packages_start=None, packages_end=None, allow_overriding=[], cmake_args=None, cmake_target=None, cmake_target_skip_unavailable=False, cmake_clean_cache=False, cmake_clean_first=False, cmake_force_configure=False, ament_cmake_args=None, catkin_cmake_args=None, catkin_skip_building_tests=False, mixin_files=None, mixin=None, verb_parser=<colcon_mixin.mixin.mixin_argument.MixinArgumentDecorator object at 0x734a8495b3a0>, verb_extension=<colcon_core.verb.build.BuildVerb object at 0x734a8495af80>, main=<bound method BuildVerb.main of <colcon_core.verb.build.BuildVerb object at 0x734a8495af80>>, mixin_verb=('build',))
[4.689s] Level 1:colcon.colcon_core.package_discovery:discover_packages(colcon_meta) check parameters
[4.689s] Level 1:colcon.colcon_core.package_discovery:discover_packages(recursive) check parameters
[4.689s] Level 1:colcon.colcon_core.package_discovery:discover_packages(ignore) check parameters
[4.689s] Level 1:colcon.colcon_core.package_discovery:discover_packages(path) check parameters
[4.689s] Level 1:colcon.colcon_core.package_discovery:discover_packages(colcon_meta) discover
[4.689s] Level 1:colcon.colcon_core.package_discovery:discover_packages(recursive) discover
[4.690s] INFO:colcon.colcon_core.package_discovery:Crawling recursively for packages in '/home/konstantin/ros2-path-planner/path_planner/path_planner'
[4.690s] Level 1:colcon.colcon_core.package_identification:_identify(.) by extensions ['ignore', 'ignore_ament_install']
[4.690s] Level 1:colcon.colcon_core.package_identification:_identify(.) by extension 'ignore'
[4.690s] Level 1:colcon.colcon_core.package_identification:_identify(.) by extension 'ignore_ament_install'
[4.691s] Level 1:colcon.colcon_core.package_identification:_identify(.) by extensions ['colcon_pkg']
[4.691s] Level 1:colcon.colcon_core.package_identification:_identify(.) by extension 'colcon_pkg'
[4.691s] Level 1:colcon.colcon_core.package_identification:_identify(.) by extensions ['colcon_meta']
[4.691s] Level 1:colcon.colcon_core.package_identification:_identify(.) by extension 'colcon_meta'
[4.692s] Level 1:colcon.colcon_core.package_identification:_identify(.) by extensions ['ros']
[4.692s] Level 1:colcon.colcon_core.package_identification:_identify(.) by extension 'ros'
[4.760s] Level 1:colcon.colcon_core.package_identification:_identify(.) by extensions ['cmake', 'python']
[4.761s] Level 1:colcon.colcon_core.package_identification:_identify(.) by extension 'cmake'
[4.761s] Level 1:colcon.colcon_core.package_identification:_identify(.) by extension 'python'
[4.761s] Level 1:colcon.colcon_core.package_identification:_identify(.) by extensions ['python_setup_py']
[4.761s] Level 1:colcon.colcon_core.package_identification:_identify(.) by extension 'python_setup_py'
[4.761s] Level 1:colcon.colcon_core.package_identification:_identify(build) by extensions ['ignore', 'ignore_ament_install']
[4.761s] Level 1:colcon.colcon_core.package_identification:_identify(build) by extension 'ignore'
[4.761s] Level 1:colcon.colcon_core.package_identification:_identify(build) ignored
[4.762s] Level 1:colcon.colcon_core.package_identification:_identify(install) by extensions ['ignore', 'ignore_ament_install']
[4.762s] Level 1:colcon.colcon_core.package_identification:_identify(install) by extension 'ignore'
[4.762s] Level 1:colcon.colcon_core.package_identification:_identify(install) ignored
[4.762s] Level 1:colcon.colcon_core.package_identification:_identify(log) by extensions ['ignore', 'ignore_ament_install']
[4.762s] Level 1:colcon.colcon_core.package_identification:_identify(log) by extension 'ignore'
[4.762s] Level 1:colcon.colcon_core.package_identification:_identify(log) ignored
[4.762s] Level 1:colcon.colcon_core.package_discovery:discover_packages(recursive) using defaults
[4.762s] Level 1:colcon.colcon_core.package_discovery:discover_packages(ignore) discover
[4.762s] Level 1:colcon.colcon_core.package_discovery:discover_packages(ignore) using defaults
[4.762s] Level 1:colcon.colcon_core.package_discovery:discover_packages(path) discover
[4.762s] Level 1:colcon.colcon_core.package_discovery:discover_packages(path) using defaults
[4.763s] WARNING:colcon.colcon_core.package_selection:ignoring unknown package 'path_planner' in --packages-select
[4.911s] Level 1:colcon.colcon_core.package_discovery:discover_packages(prefix_path) check parameters
[4.911s] Level 1:colcon.colcon_core.package_discovery:discover_packages(prefix_path) discover
[4.980s] DEBUG:colcon.colcon_installed_package_information.package_discovery:Found 14 installed packages in /home/konstantin/turtlebot3_ws/install
[4.987s] DEBUG:colcon.colcon_installed_package_information.package_discovery:Found 363 installed packages in /opt/ros/humble
[4.990s] Level 1:colcon.colcon_core.package_discovery:discover_packages(prefix_path) using defaults
[5.296s] INFO:colcon.colcon_core.executor:Executing jobs using 'parallel' executor
[5.298s] DEBUG:colcon.colcon_parallel_executor.executor.parallel:run_until_complete
[5.298s] DEBUG:colcon.colcon_parallel_executor.executor.parallel:closing loop
[5.299s] DEBUG:colcon.colcon_parallel_executor.executor.parallel:loop closed
[5.299s] DEBUG:colcon.colcon_parallel_executor.executor.parallel:run_until_complete finished with '0'
[5.299s] DEBUG:colcon.colcon_core.event_reactor:joining thread
[5.385s] INFO:colcon.colcon_core.plugin_system:Skipping extension 'colcon_notification.desktop_notification.terminal_notifier': Not used on non-Darwin systems
[5.385s] INFO:colcon.colcon_core.plugin_system:Skipping extension 'colcon_notification.desktop_notification.win32': Not used on non-Windows systems
[5.385s] INFO:colcon.colcon_notification.desktop_notification:Sending desktop notification using 'notify2'
[6.303s] DEBUG:colcon.colcon_core.event_reactor:joined thread
[6.333s] INFO:colcon.colcon_core.plugin_system:Skipping extension 'colcon_core.shell.bat': Not used on non-Windows systems
[6.333s] INFO:colcon.colcon_core.shell:Creating prefix script '/home/konstantin/ros2-path-planner/path_planner/path_planner/install/local_setup.ps1'
[6.342s] INFO:colcon.colcon_core.shell:Creating prefix util module '/home/konstantin/ros2-path-planner/path_planner/path_planner/install/_local_setup_util_ps1.py'
[6.347s] INFO:colcon.colcon_core.shell:Creating prefix chain script '/home/konstantin/ros2-path-planner/path_planner/path_planner/install/setup.ps1'
[6.353s] INFO:colcon.colcon_core.shell:Creating prefix script '/home/konstantin/ros2-path-planner/path_planner/path_planner/install/local_setup.sh'
[6.357s] INFO:colcon.colcon_core.shell:Creating prefix util module '/home/konstantin/ros2-path-planner/path_planner/path_planner/install/_local_setup_util_sh.py'
[6.358s] INFO:colcon.colcon_core.shell:Creating prefix chain script '/home/konstantin/ros2-path-planner/path_planner/path_planner/install/setup.sh'
[6.365s] INFO:colcon.colcon_core.shell:Creating prefix script '/home/konstantin/ros2-path-planner/path_planner/path_planner/install/local_setup.bash'
[6.372s] INFO:colcon.colcon_core.shell:Creating prefix chain script '/home/konstantin/ros2-path-planner/path_planner/path_planner/install/setup.bash'
[6.379s] INFO:colcon.colcon_core.shell:Creating prefix script '/home/konstantin/ros2-path-planner/path_planner/path_planner/install/local_setup.zsh'
[6.383s] INFO:colcon.colcon_core.shell:Creating prefix chain script '/home/konstantin/ros2-path-planner/path_planner/path_planner/install/setup.zsh'
