[2.515s] Invoking command in '/home/konstantin/ros2-path-planner/path_planner': PYTHONPATH=/home/konstantin/ros2-path-planner/build/path_planner/prefix_override:/usr/lib/python3/dist-packages/colcon_core/task/python/colcon_distutils_commands:/home/konstantin/ros2-path-planner/install/path_planner/lib/python3.10/site-packages:${PYTHONPATH} /usr/bin/python3 -W ignore:setup.py install is deprecated -W ignore:easy_install command is deprecated setup.py egg_info --egg-base ../build/path_planner build --build-base /home/konstantin/ros2-path-planner/build/path_planner/build install --record /home/konstantin/ros2-path-planner/build/path_planner/install.log --single-version-externally-managed install_data
[3.068s] running egg_info
[3.075s] writing ../build/path_planner/path_planner.egg-info/PKG-INFO
[3.075s] writing dependency_links to ../build/path_planner/path_planner.egg-info/dependency_links.txt
[3.075s] writing entry points to ../build/path_planner/path_planner.egg-info/entry_points.txt
[3.075s] writing requirements to ../build/path_planner/path_planner.egg-info/requires.txt
[3.075s] writing top-level names to ../build/path_planner/path_planner.egg-info/top_level.txt
[3.080s] reading manifest file '../build/path_planner/path_planner.egg-info/SOURCES.txt'
[3.086s] adding license file 'LICENSE'
[3.086s] writing manifest file '../build/path_planner/path_planner.egg-info/SOURCES.txt'
[3.086s] running build
[3.086s] running build_py
[3.087s] copying path_planner/executor.py -> /home/konstantin/ros2-path-planner/build/path_planner/build/lib/path_planner
[3.087s] running install
[3.087s] running install_lib
[3.087s] copying /home/konstantin/ros2-path-planner/build/path_planner/build/lib/path_planner/executor.py -> /home/konstantin/ros2-path-planner/install/path_planner/lib/python3.10/site-packages/path_planner
[3.093s] byte-compiling /home/konstantin/ros2-path-planner/install/path_planner/lib/python3.10/site-packages/path_planner/executor.py to executor.cpython-310.pyc
[3.093s] running install_data
[3.093s] running install_egg_info
[3.099s] removing '/home/konstantin/ros2-path-planner/install/path_planner/lib/python3.10/site-packages/path_planner-0.0.0-py3.10.egg-info' (and everything under it)
[3.100s] Copying ../build/path_planner/path_planner.egg-info to /home/konstantin/ros2-path-planner/install/path_planner/lib/python3.10/site-packages/path_planner-0.0.0-py3.10.egg-info
[3.107s] running install_scripts
[3.164s] Installing executor script to /home/konstantin/ros2-path-planner/install/path_planner/lib/path_planner
[3.167s] writing list of installed files to '/home/konstantin/ros2-path-planner/build/path_planner/install.log'
[3.222s] Invoked command in '/home/konstantin/ros2-path-planner/path_planner' returned '0': PYTHONPATH=/home/konstantin/ros2-path-planner/build/path_planner/prefix_override:/usr/lib/python3/dist-packages/colcon_core/task/python/colcon_distutils_commands:/home/konstantin/ros2-path-planner/install/path_planner/lib/python3.10/site-packages:${PYTHONPATH} /usr/bin/python3 -W ignore:setup.py install is deprecated -W ignore:easy_install command is deprecated setup.py egg_info --egg-base ../build/path_planner build --build-base /home/konstantin/ros2-path-planner/build/path_planner/build install --record /home/konstantin/ros2-path-planner/build/path_planner/install.log --single-version-externally-managed install_data
