[0.795s] DEBUG:colcon:Command line arguments: ['/usr/bin/colcon', 'build', '--packages-select', 'path_planner']
[0.796s] DEBUG:colcon:Parsed command line arguments: Namespace(log_base=None, log_level=None, verb_name='build', build_base='build', install_base='install', merge_install=False, symlink_install=False, test_result_base=None, continue_on_error=False, executor='parallel', parallel_workers=2, event_handlers=None, ignore_user_meta=False, metas=['./colcon.meta'], base_paths=['.'], packages_ignore=None, packages_ignore_regex=None, paths=None, packages_up_to=None, packages_up_to_regex=None, packages_above=None, packages_above_and_dependencies=None, packages_above_depth=None, packages_select_by_dep=None, packages_skip_by_dep=None, packages_skip_up_to=None, packages_select_build_failed=False, packages_skip_build_finished=False, packages_select_test_failures=False, packages_skip_test_passed=False, packages_select=['path_planner'], packages_skip=None, packages_select_regex=None, packages_skip_regex=None, packages_start=None, packages_end=None, allow_overriding=[], cmake_args=None, cmake_target=None, cmake_target_skip_unavailable=False, cmake_clean_cache=False, cmake_clean_first=False, cmake_force_configure=False, ament_cmake_args=None, catkin_cmake_args=None, catkin_skip_building_tests=False, mixin_files=None, mixin=None, verb_parser=<colcon_mixin.mixin.mixin_argument.MixinArgumentDecorator object at 0x7498daa53910>, verb_extension=<colcon_core.verb.build.BuildVerb object at 0x7498daa534f0>, main=<bound method BuildVerb.main of <colcon_core.verb.build.BuildVerb object at 0x7498daa534f0>>, mixin_verb=('build',))
[3.589s] Level 1:colcon.colcon_core.package_discovery:discover_packages(colcon_meta) check parameters
[3.589s] Level 1:colcon.colcon_core.package_discovery:discover_packages(recursive) check parameters
[3.589s] Level 1:colcon.colcon_core.package_discovery:discover_packages(ignore) check parameters
[3.589s] Level 1:colcon.colcon_core.package_discovery:discover_packages(path) check parameters
[3.590s] Level 1:colcon.colcon_core.package_discovery:discover_packages(colcon_meta) discover
[3.590s] Level 1:colcon.colcon_core.package_discovery:discover_packages(recursive) discover
[3.590s] INFO:colcon.colcon_core.package_discovery:Crawling recursively for packages in '/home/konstantin/ros2-path-planner'
[3.593s] Level 1:colcon.colcon_core.package_identification:_identify(.) by extensions ['ignore', 'ignore_ament_install']
[3.593s] Level 1:colcon.colcon_core.package_identification:_identify(.) by extension 'ignore'
[3.593s] Level 1:colcon.colcon_core.package_identification:_identify(.) by extension 'ignore_ament_install'
[3.594s] Level 1:colcon.colcon_core.package_identification:_identify(.) by extensions ['colcon_pkg']
[3.594s] Level 1:colcon.colcon_core.package_identification:_identify(.) by extension 'colcon_pkg'
[3.594s] Level 1:colcon.colcon_core.package_identification:_identify(.) by extensions ['colcon_meta']
[3.594s] Level 1:colcon.colcon_core.package_identification:_identify(.) by extension 'colcon_meta'
[3.595s] Level 1:colcon.colcon_core.package_identification:_identify(.) by extensions ['ros']
[3.595s] Level 1:colcon.colcon_core.package_identification:_identify(.) by extension 'ros'
[3.655s] Level 1:colcon.colcon_core.package_identification:_identify(.) by extensions ['cmake', 'python']
[3.655s] Level 1:colcon.colcon_core.package_identification:_identify(.) by extension 'cmake'
[3.655s] Level 1:colcon.colcon_core.package_identification:_identify(.) by extension 'python'
[3.655s] Level 1:colcon.colcon_core.package_identification:_identify(.) by extensions ['python_setup_py']
[3.655s] Level 1:colcon.colcon_core.package_identification:_identify(.) by extension 'python_setup_py'
[3.658s] Level 1:colcon.colcon_core.package_identification:_identify(build) by extensions ['ignore', 'ignore_ament_install']
[3.658s] Level 1:colcon.colcon_core.package_identification:_identify(build) by extension 'ignore'
[3.659s] Level 1:colcon.colcon_core.package_identification:_identify(build) ignored
[3.662s] Level 1:colcon.colcon_core.package_identification:_identify(install) by extensions ['ignore', 'ignore_ament_install']
[3.662s] Level 1:colcon.colcon_core.package_identification:_identify(install) by extension 'ignore'
[3.662s] Level 1:colcon.colcon_core.package_identification:_identify(install) ignored
[3.663s] Level 1:colcon.colcon_core.package_identification:_identify(log) by extensions ['ignore', 'ignore_ament_install']
[3.663s] Level 1:colcon.colcon_core.package_identification:_identify(log) by extension 'ignore'
[3.663s] Level 1:colcon.colcon_core.package_identification:_identify(log) ignored
[3.664s] Level 1:colcon.colcon_core.package_identification:_identify(path_planner) by extensions ['ignore', 'ignore_ament_install']
[3.664s] Level 1:colcon.colcon_core.package_identification:_identify(path_planner) by extension 'ignore'
[3.664s] Level 1:colcon.colcon_core.package_identification:_identify(path_planner) by extension 'ignore_ament_install'
[3.664s] Level 1:colcon.colcon_core.package_identification:_identify(path_planner) by extensions ['colcon_pkg']
[3.664s] Level 1:colcon.colcon_core.package_identification:_identify(path_planner) by extension 'colcon_pkg'
[3.664s] Level 1:colcon.colcon_core.package_identification:_identify(path_planner) by extensions ['colcon_meta']
[3.664s] Level 1:colcon.colcon_core.package_identification:_identify(path_planner) by extension 'colcon_meta'
[3.664s] Level 1:colcon.colcon_core.package_identification:_identify(path_planner) by extensions ['ros']
[3.665s] Level 1:colcon.colcon_core.package_identification:_identify(path_planner) by extension 'ros'
[3.679s] DEBUG:colcon.colcon_core.package_identification:Package 'path_planner' with type 'ros.ament_python' and name 'path_planner'
[3.679s] Level 1:colcon.colcon_core.package_discovery:discover_packages(recursive) using defaults
[3.679s] Level 1:colcon.colcon_core.package_discovery:discover_packages(ignore) discover
[3.679s] Level 1:colcon.colcon_core.package_discovery:discover_packages(ignore) using defaults
[3.679s] Level 1:colcon.colcon_core.package_discovery:discover_packages(path) discover
[3.680s] Level 1:colcon.colcon_core.package_discovery:discover_packages(path) using defaults
[3.821s] Level 1:colcon.colcon_core.package_discovery:discover_packages(prefix_path) check parameters
[3.821s] Level 1:colcon.colcon_core.package_discovery:discover_packages(prefix_path) discover
[3.879s] DEBUG:colcon.colcon_installed_package_information.package_discovery:Found 1 installed packages in /home/konstantin/ros2-path-planner/install
[3.886s] DEBUG:colcon.colcon_installed_package_information.package_discovery:Found 14 installed packages in /home/konstantin/turtlebot3_ws/install
[3.900s] DEBUG:colcon.colcon_installed_package_information.package_discovery:Found 363 installed packages in /opt/ros/humble
[3.903s] Level 1:colcon.colcon_core.package_discovery:discover_packages(prefix_path) using defaults
[5.055s] Level 5:colcon.colcon_core.verb:set package 'path_planner' build argument 'cmake_args' from command line to 'None'
[5.055s] Level 5:colcon.colcon_core.verb:set package 'path_planner' build argument 'cmake_target' from command line to 'None'
[5.055s] Level 5:colcon.colcon_core.verb:set package 'path_planner' build argument 'cmake_target_skip_unavailable' from command line to 'False'
[5.056s] Level 5:colcon.colcon_core.verb:set package 'path_planner' build argument 'cmake_clean_cache' from command line to 'False'
[5.056s] Level 5:colcon.colcon_core.verb:set package 'path_planner' build argument 'cmake_clean_first' from command line to 'False'
[5.056s] Level 5:colcon.colcon_core.verb:set package 'path_planner' build argument 'cmake_force_configure' from command line to 'False'
[5.056s] Level 5:colcon.colcon_core.verb:set package 'path_planner' build argument 'ament_cmake_args' from command line to 'None'
[5.056s] Level 5:colcon.colcon_core.verb:set package 'path_planner' build argument 'catkin_cmake_args' from command line to 'None'
[5.056s] Level 5:colcon.colcon_core.verb:set package 'path_planner' build argument 'catkin_skip_building_tests' from command line to 'False'
[5.056s] DEBUG:colcon.colcon_core.verb:Building package 'path_planner' with the following arguments: {'ament_cmake_args': None, 'build_base': '/home/konstantin/ros2-path-planner/build/path_planner', 'catkin_cmake_args': None, 'catkin_skip_building_tests': False, 'cmake_args': None, 'cmake_clean_cache': False, 'cmake_clean_first': False, 'cmake_force_configure': False, 'cmake_target': None, 'cmake_target_skip_unavailable': False, 'install_base': '/home/konstantin/ros2-path-planner/install/path_planner', 'merge_install': False, 'path': '/home/konstantin/ros2-path-planner/path_planner', 'symlink_install': False, 'test_result_base': None}
[5.056s] INFO:colcon.colcon_core.executor:Executing jobs using 'parallel' executor
[5.058s] DEBUG:colcon.colcon_parallel_executor.executor.parallel:run_until_complete
[5.058s] INFO:colcon.colcon_ros.task.ament_python.build:Building ROS package in '/home/konstantin/ros2-path-planner/path_planner' with build type 'ament_python'
[5.059s] Level 1:colcon.colcon_core.shell:create_environment_hook('path_planner', 'ament_prefix_path')
[5.067s] INFO:colcon.colcon_core.plugin_system:Skipping extension 'colcon_core.shell.bat': Not used on non-Windows systems
[5.067s] INFO:colcon.colcon_core.shell:Creating environment hook '/home/konstantin/ros2-path-planner/install/path_planner/share/path_planner/hook/ament_prefix_path.ps1'
[5.071s] INFO:colcon.colcon_core.shell:Creating environment descriptor '/home/konstantin/ros2-path-planner/install/path_planner/share/path_planner/hook/ament_prefix_path.dsv'
[5.075s] INFO:colcon.colcon_core.shell:Creating environment hook '/home/konstantin/ros2-path-planner/install/path_planner/share/path_planner/hook/ament_prefix_path.sh'
[5.080s] INFO:colcon.colcon_core.shell:Skip shell extension 'powershell' for command environment: Not usable outside of PowerShell
[5.080s] DEBUG:colcon.colcon_core.shell:Skip shell extension 'dsv' for command environment
[5.697s] INFO:colcon.colcon_core.task.python.build:Building Python package in '/home/konstantin/ros2-path-planner/path_planner'
[5.697s] INFO:colcon.colcon_core.shell:Skip shell extension 'powershell' for command environment: Not usable outside of PowerShell
[5.697s] DEBUG:colcon.colcon_core.shell:Skip shell extension 'dsv' for command environment
[7.576s] DEBUG:colcon.colcon_core.event_handler.log_command:Invoking command in '/home/konstantin/ros2-path-planner/path_planner': PYTHONPATH=/home/konstantin/ros2-path-planner/build/path_planner/prefix_override:/usr/lib/python3/dist-packages/colcon_core/task/python/colcon_distutils_commands:/home/konstantin/ros2-path-planner/install/path_planner/lib/python3.10/site-packages:${PYTHONPATH} /usr/bin/python3 -W ignore:setup.py install is deprecated -W ignore:easy_install command is deprecated setup.py egg_info --egg-base ../build/path_planner build --build-base /home/konstantin/ros2-path-planner/build/path_planner/build install --record /home/konstantin/ros2-path-planner/build/path_planner/install.log --single-version-externally-managed install_data
[8.282s] DEBUG:colcon.colcon_core.event_handler.log_command:Invoked command in '/home/konstantin/ros2-path-planner/path_planner' returned '0': PYTHONPATH=/home/konstantin/ros2-path-planner/build/path_planner/prefix_override:/usr/lib/python3/dist-packages/colcon_core/task/python/colcon_distutils_commands:/home/konstantin/ros2-path-planner/install/path_planner/lib/python3.10/site-packages:${PYTHONPATH} /usr/bin/python3 -W ignore:setup.py install is deprecated -W ignore:easy_install command is deprecated setup.py egg_info --egg-base ../build/path_planner build --build-base /home/konstantin/ros2-path-planner/build/path_planner/build install --record /home/konstantin/ros2-path-planner/build/path_planner/install.log --single-version-externally-managed install_data
[8.291s] Level 1:colcon.colcon_core.environment:checking '/home/konstantin/ros2-path-planner/install/path_planner' for CMake module files
[8.292s] Level 1:colcon.colcon_core.environment:checking '/home/konstantin/ros2-path-planner/install/path_planner' for CMake config files
[8.300s] Level 1:colcon.colcon_core.environment:checking '/home/konstantin/ros2-path-planner/install/path_planner/lib'
[8.301s] Level 1:colcon.colcon_core.environment:checking '/home/konstantin/ros2-path-planner/install/path_planner/bin'
[8.301s] Level 1:colcon.colcon_core.environment:checking '/home/konstantin/ros2-path-planner/install/path_planner/lib/pkgconfig/path_planner.pc'
[8.301s] Level 1:colcon.colcon_core.environment:checking '/home/konstantin/ros2-path-planner/install/path_planner/lib/python3.10/site-packages'
[8.302s] Level 1:colcon.colcon_core.shell:create_environment_hook('path_planner', 'pythonpath')
[8.302s] INFO:colcon.colcon_core.shell:Creating environment hook '/home/konstantin/ros2-path-planner/install/path_planner/share/path_planner/hook/pythonpath.ps1'
[8.303s] INFO:colcon.colcon_core.shell:Creating environment descriptor '/home/konstantin/ros2-path-planner/install/path_planner/share/path_planner/hook/pythonpath.dsv'
[8.304s] INFO:colcon.colcon_core.shell:Creating environment hook '/home/konstantin/ros2-path-planner/install/path_planner/share/path_planner/hook/pythonpath.sh'
[8.305s] Level 1:colcon.colcon_core.environment:checking '/home/konstantin/ros2-path-planner/install/path_planner/bin'
[8.305s] Level 1:colcon.colcon_core.environment:create_environment_scripts_only(path_planner)
[8.306s] INFO:colcon.colcon_core.shell:Creating package script '/home/konstantin/ros2-path-planner/install/path_planner/share/path_planner/package.ps1'
[8.310s] INFO:colcon.colcon_core.shell:Creating package descriptor '/home/konstantin/ros2-path-planner/install/path_planner/share/path_planner/package.dsv'
[8.314s] INFO:colcon.colcon_core.shell:Creating package script '/home/konstantin/ros2-path-planner/install/path_planner/share/path_planner/package.sh'
[8.318s] INFO:colcon.colcon_core.shell:Creating package script '/home/konstantin/ros2-path-planner/install/path_planner/share/path_planner/package.bash'
[8.323s] INFO:colcon.colcon_core.shell:Creating package script '/home/konstantin/ros2-path-planner/install/path_planner/share/path_planner/package.zsh'
[8.329s] Level 1:colcon.colcon_core.environment:create_file_with_runtime_dependencies(/home/konstantin/ros2-path-planner/install/path_planner/share/colcon-core/packages/path_planner)
[8.329s] DEBUG:colcon.colcon_parallel_executor.executor.parallel:closing loop
[8.331s] DEBUG:colcon.colcon_parallel_executor.executor.parallel:loop closed
[8.331s] DEBUG:colcon.colcon_parallel_executor.executor.parallel:run_until_complete finished with '0'
[8.331s] DEBUG:colcon.colcon_core.event_reactor:joining thread
[8.409s] INFO:colcon.colcon_core.plugin_system:Skipping extension 'colcon_notification.desktop_notification.terminal_notifier': Not used on non-Darwin systems
[8.409s] INFO:colcon.colcon_core.plugin_system:Skipping extension 'colcon_notification.desktop_notification.win32': Not used on non-Windows systems
[8.409s] INFO:colcon.colcon_notification.desktop_notification:Sending desktop notification using 'notify2'
[8.447s] DEBUG:colcon.colcon_core.event_reactor:joined thread
[8.447s] INFO:colcon.colcon_core.shell:Creating prefix script '/home/konstantin/ros2-path-planner/install/local_setup.ps1'
[8.450s] INFO:colcon.colcon_core.shell:Creating prefix util module '/home/konstantin/ros2-path-planner/install/_local_setup_util_ps1.py'
[8.455s] INFO:colcon.colcon_core.shell:Creating prefix chain script '/home/konstantin/ros2-path-planner/install/setup.ps1'
[8.464s] INFO:colcon.colcon_core.shell:Creating prefix script '/home/konstantin/ros2-path-planner/install/local_setup.sh'
[8.468s] INFO:colcon.colcon_core.shell:Creating prefix util module '/home/konstantin/ros2-path-planner/install/_local_setup_util_sh.py'
[8.470s] INFO:colcon.colcon_core.shell:Creating prefix chain script '/home/konstantin/ros2-path-planner/install/setup.sh'
[8.479s] INFO:colcon.colcon_core.shell:Creating prefix script '/home/konstantin/ros2-path-planner/install/local_setup.bash'
[8.484s] INFO:colcon.colcon_core.shell:Creating prefix chain script '/home/konstantin/ros2-path-planner/install/setup.bash'
[8.492s] INFO:colcon.colcon_core.shell:Creating prefix script '/home/konstantin/ros2-path-planner/install/local_setup.zsh'
[8.496s] INFO:colcon.colcon_core.shell:Creating prefix chain script '/home/konstantin/ros2-path-planner/install/setup.zsh'
