[1.418s] Invoking command in '/home/konstantin/ros2-path-planner/path_planner': PYTHONPATH=/home/konstantin/ros2-path-planner/build/path_planner/prefix_override:/usr/lib/python3/dist-packages/colcon_core/task/python/colcon_distutils_commands:/home/konstantin/ros2-path-planner/install/path_planner/lib/python3.10/site-packages:${PYTHONPATH} /usr/bin/python3 -W ignore:setup.py install is deprecated -W ignore:easy_install command is deprecated setup.py egg_info --egg-base ../build/path_planner build --build-base /home/konstantin/ros2-path-planner/build/path_planner/build install --record /home/konstantin/ros2-path-planner/build/path_planner/install.log --single-version-externally-managed install_data
[1.938s] running egg_info
[1.944s] writing ../build/path_planner/path_planner.egg-info/PKG-INFO
[1.946s] writing dependency_links to ../build/path_planner/path_planner.egg-info/dependency_links.txt
[1.946s] writing entry points to ../build/path_planner/path_planner.egg-info/entry_points.txt
[1.948s] writing requirements to ../build/path_planner/path_planner.egg-info/requires.txt
[1.948s] writing top-level names to ../build/path_planner/path_planner.egg-info/top_level.txt
[1.954s] reading manifest file '../build/path_planner/path_planner.egg-info/SOURCES.txt'
[1.954s] adding license file 'LICENSE'
[1.956s] writing manifest file '../build/path_planner/path_planner.egg-info/SOURCES.txt'
[1.957s] running build
[1.957s] running build_py
[1.958s] copying path_planner/executor.py -> /home/konstantin/ros2-path-planner/build/path_planner/build/lib/path_planner
[1.959s] running install
[1.962s] running install_lib
[1.963s] copying /home/konstantin/ros2-path-planner/build/path_planner/build/lib/path_planner/executor.py -> /home/konstantin/ros2-path-planner/install/path_planner/lib/python3.10/site-packages/path_planner
[1.966s] byte-compiling /home/konstantin/ros2-path-planner/install/path_planner/lib/python3.10/site-packages/path_planner/executor.py to executor.cpython-310.pyc
[1.970s] running install_data
[1.970s] running install_egg_info
[1.974s] removing '/home/konstantin/ros2-path-planner/install/path_planner/lib/python3.10/site-packages/path_planner-0.0.0-py3.10.egg-info' (and everything under it)
[1.974s] Copying ../build/path_planner/path_planner.egg-info to /home/konstantin/ros2-path-planner/install/path_planner/lib/python3.10/site-packages/path_planner-0.0.0-py3.10.egg-info
[1.977s] running install_scripts
[2.018s] Installing executor script to /home/konstantin/ros2-path-planner/install/path_planner/lib/path_planner
[2.019s] writing list of installed files to '/home/konstantin/ros2-path-planner/build/path_planner/install.log'
[2.083s] Invoked command in '/home/konstantin/ros2-path-planner/path_planner' returned '0': PYTHONPATH=/home/konstantin/ros2-path-planner/build/path_planner/prefix_override:/usr/lib/python3/dist-packages/colcon_core/task/python/colcon_distutils_commands:/home/konstantin/ros2-path-planner/install/path_planner/lib/python3.10/site-packages:${PYTHONPATH} /usr/bin/python3 -W ignore:setup.py install is deprecated -W ignore:easy_install command is deprecated setup.py egg_info --egg-base ../build/path_planner build --build-base /home/konstantin/ros2-path-planner/build/path_planner/build install --record /home/konstantin/ros2-path-planner/build/path_planner/install.log --single-version-externally-managed install_data
